<?xml version="1.0" encoding="UTF-8"?>
<testsuite xmlns:xsi="http://www.w3.org/2001/XMLSchema-instance" xsi:noNamespaceSchemaLocation="https://maven.apache.org/surefire/maven-surefire-plugin/xsd/surefire-test-report-3.0.xsd" version="3.0" name="ar.edu.utn.frc.tup.lciii.configs.SpringDocConfigTest" time="1.826" tests="1" errors="0" skipped="0" failures="0">
  <properties>
[...]
</properties>
  <testcase name="getDocumentation" classname="ar.edu.utn.frc.tup.lciii.configs.SpringDocConfigTest" time="0.529">
    <system-out><![CDATA[2024-09-29T00:17:12.266-03:00  INFO 6708 --- [           main] t.c.s.AnnotationConfigContextLoaderUtils : Could not detect default configuration classes for test class [ar.edu.utn.frc.tup.lciii.configs.SpringDocConfigTest]: SpringDocConfigTest does not declare any static, non-private, non-final, nested classes annotated with @Configuration.
2024-09-29T00:17:12.281-03:00  INFO 6708 --- [           main] .b.t.c.SpringBootTestContextBootstrapper : Found @SpringBootConfiguration ar.edu.utn.frc.tup.lciii.Application for test class ar.edu.utn.frc.tup.lciii.configs.SpringDocConfigTest

  .   ____          _            __ _ _
 /\\ / ___'_ __ _ _(_)_ __  __ _ \ \ \ \
( ( )\___ | '_ | '_| | '_ \/ _` | \ \ \ \
 \\/  ___)| |_)| | | | | || (_| |  ) ) ) )
  '  |____| .__|_| |_|_| |_\__, | / / / /
 =========|_|==============|___/=/_/_/_/
 :: Spring Boot ::                (v3.1.0)

2024-09-29T00:17:12.317-03:00  INFO 6708 --- [           main] a.e.u.f.t.l.configs.SpringDocConfigTest  : Starting SpringDocConfigTest using Java 17.0.10 with PID 6708 (started by Martin in E:\Users\Usuario\Desktop\Repositorios\LAB-IV\modelo-finall-lciv-api-loteria-405708)
2024-09-29T00:17:12.317-03:00  INFO 6708 --- [           main] a.e.u.f.t.l.configs.SpringDocConfigTest  : No active profile set, falling back to 1 default profile: "default"
2024-09-29T00:17:12.578-03:00  INFO 6708 --- [           main] .s.d.r.c.RepositoryConfigurationDelegate : Bootstrapping Spring Data JPA repositories in DEFAULT mode.
2024-09-29T00:17:12.590-03:00  INFO 6708 --- [           main] .s.d.r.c.RepositoryConfigurationDelegate : Finished Spring Data repository scanning in 12 ms. Found 2 JPA repository interfaces.
2024-09-29T00:17:12.862-03:00  INFO 6708 --- [           main] o.s.b.w.embedded.tomcat.TomcatWebServer  : Tomcat initialized with port(s): 0 (http)
2024-09-29T00:17:12.874-03:00  INFO 6708 --- [           main] o.apache.catalina.core.StandardService   : Starting service [Tomcat]
2024-09-29T00:17:12.874-03:00  INFO 6708 --- [           main] o.apache.catalina.core.StandardEngine    : Starting Servlet engine: [Apache Tomcat/10.1.8]
2024-09-29T00:17:13.027-03:00  INFO 6708 --- [           main] o.a.c.c.C.[Tomcat].[localhost].[/]       : Initializing Spring embedded WebApplicationContext
2024-09-29T00:17:13.028-03:00  INFO 6708 --- [           main] w.s.c.ServletWebServerApplicationContext : Root WebApplicationContext: initialization completed in 707 ms
2024-09-29T00:17:13.109-03:00  INFO 6708 --- [           main] com.zaxxer.hikari.HikariDataSource       : HikariPool-2 - Starting...
2024-09-29T00:17:13.110-03:00  INFO 6708 --- [           main] com.zaxxer.hikari.pool.HikariPool        : HikariPool-2 - Added connection conn10: url=jdbc:h2:mem:test user=SA
2024-09-29T00:17:13.110-03:00  INFO 6708 --- [           main] com.zaxxer.hikari.HikariDataSource       : HikariPool-2 - Start completed.
2024-09-29T00:17:13.113-03:00  INFO 6708 --- [           main] o.hibernate.jpa.internal.util.LogHelper  : HHH000204: Processing PersistenceUnitInfo [name: default]
2024-09-29T00:17:13.129-03:00  INFO 6708 --- [           main] o.h.b.i.BytecodeProviderInitiator        : HHH000021: Bytecode provider name : bytebuddy
2024-09-29T00:17:13.129-03:00  INFO 6708 --- [           main] o.s.o.j.p.SpringPersistenceUnitInfo      : No LoadTimeWeaver setup: ignoring JPA class transformer
2024-09-29T00:17:13.138-03:00  INFO 6708 --- [           main] org.hibernate.orm.dialect                : HHH035001: Using dialect: org.hibernate.dialect.H2Dialect, version: 2.1.214
2024-09-29T00:17:13.161-03:00  INFO 6708 --- [           main] o.h.b.i.BytecodeProviderInitiator        : HHH000021: Bytecode provider name : bytebuddy
2024-09-29T00:17:13.212-03:00  INFO 6708 --- [           main] o.h.e.t.j.p.i.JtaPlatformInitiator       : HHH000490: Using JtaPlatform implementation: [org.hibernate.engine.transaction.jta.platform.internal.NoJtaPlatform]
Hibernate: drop table if exists apuestas cascade 
Hibernate: drop table if exists numeros_sorteados cascade 
Hibernate: drop table if exists sorteos cascade 
Hibernate: create table apuestas (monto_apostado integer, premio integer, resultado tinyint check (resultado between 0 and 1), apuesta_id bigint, id bigint generated by default as identity, fecha_sorteo varchar(255), id_cliente varchar(255), numero varchar(255), primary key (id))
Hibernate: create table numeros_sorteados (numero integer, posicion integer, id bigint generated by default as identity, sorteo_id bigint not null, primary key (id))
Hibernate: create table sorteos (dinero_total_acumulado integer, id_sorteo integer, total_de_apuestas integer, total_pagado integer, id bigint generated by default as identity, fecha_sorteo varchar(255), primary key (id))
Hibernate: alter table if exists apuestas add constraint FKb4e2mcw29px5l5ohb0im33cwo foreign key (apuesta_id) references sorteos
Hibernate: alter table if exists numeros_sorteados add constraint FK16qoy7iai17qrgbguy1a4vrk8 foreign key (sorteo_id) references sorteos
2024-09-29T00:17:13.222-03:00  INFO 6708 --- [           main] o.h.t.s.i.e.GenerationTargetToDatabase   : HHH000476: Executing script '[injected ScriptSourceInputNonExistentImpl script]'
2024-09-29T00:17:13.222-03:00  INFO 6708 --- [           main] j.LocalContainerEntityManagerFactoryBean : Initialized JPA EntityManagerFactory for persistence unit 'default'
2024-09-29T00:17:13.327-03:00  WARN 6708 --- [           main] JpaBaseConfiguration$JpaWebConfiguration : spring.jpa.open-in-view is enabled by default. Therefore, database queries may be performed during view rendering. Explicitly configure spring.jpa.open-in-view to disable this warning
2024-09-29T00:17:13.550-03:00  INFO 6708 --- [           main] o.s.b.w.embedded.tomcat.TomcatWebServer  : Tomcat started on port(s): 36479 (http) with context path ''
2024-09-29T00:17:13.553-03:00  INFO 6708 --- [           main] a.e.u.f.t.l.configs.SpringDocConfigTest  : Started SpringDocConfigTest in 1.269 seconds (process running for 8.515)
2024-09-29T00:17:13.685-03:00  INFO 6708 --- [o-auto-1-exec-1] o.a.c.c.C.[Tomcat].[localhost].[/]       : Initializing Spring DispatcherServlet 'dispatcherServlet'
2024-09-29T00:17:13.686-03:00  INFO 6708 --- [o-auto-1-exec-1] o.s.web.servlet.DispatcherServlet        : Initializing Servlet 'dispatcherServlet'
2024-09-29T00:17:13.687-03:00  INFO 6708 --- [o-auto-1-exec-1] o.s.web.servlet.DispatcherServlet        : Completed initialization in 1 ms
2024-09-29T00:17:14.041-03:00  INFO 6708 --- [o-auto-1-exec-1] o.springdoc.api.AbstractOpenApiResource  : Init duration for springdoc-openapi is: 301 ms
]]></system-out>
  </testcase>
</testsuite>